<?xml version="1.0" encoding="UTF-8"?>
<testng-results skipped="0" failed="0" ignored="0" total="3" passed="3">
  <reporter-output>
  </reporter-output>
  <suite name="Default suite" duration-ms="415" started-at="2021-09-06T19:41:16 IST" finished-at="2021-09-06T19:41:16 IST">
    <groups>
    </groups>
    <test name="Default test" duration-ms="415" started-at="2021-09-06T19:41:16 IST" finished-at="2021-09-06T19:41:16 IST">
      <class name="com.sgtesting.unittests.tests.Users">
        <test-method status="PASS" signature="setUp()[pri:0, instance:com.sgtesting.unittests.tests.Users@610694f1]" name="setUp" is-config="true" duration-ms="217" started-at="2021-09-06T19:41:16 IST" finished-at="2021-09-06T19:41:16 IST">
          <reporter-output>
          </reporter-output>
        </test-method> <!-- setUp -->
        <test-method status="PASS" signature="createUser()[pri:0, instance:com.sgtesting.unittests.tests.Users@610694f1]" name="createUser" duration-ms="16" started-at="2021-09-06T19:41:16 IST" finished-at="2021-09-06T19:41:16 IST">
          <reporter-output>
          </reporter-output>
        </test-method> <!-- createUser -->
        <test-method status="PASS" signature="deletedUser()[pri:0, instance:com.sgtesting.unittests.tests.Users@610694f1]" name="deletedUser" duration-ms="3" started-at="2021-09-06T19:41:16 IST" finished-at="2021-09-06T19:41:16 IST">
          <reporter-output>
          </reporter-output>
        </test-method> <!-- deletedUser -->
        <test-method status="PASS" signature="modifyUser()[pri:0, instance:com.sgtesting.unittests.tests.Users@610694f1]" name="modifyUser" duration-ms="4" started-at="2021-09-06T19:41:16 IST" finished-at="2021-09-06T19:41:16 IST">
          <reporter-output>
          </reporter-output>
        </test-method> <!-- modifyUser -->
        <test-method status="PASS" signature="tearDown()[pri:0, instance:com.sgtesting.unittests.tests.Users@610694f1]" name="tearDown" is-config="true" duration-ms="3" started-at="2021-09-06T19:41:16 IST" finished-at="2021-09-06T19:41:16 IST">
          <reporter-output>
          </reporter-output>
        </test-method> <!-- tearDown -->
      </class> <!-- com.sgtesting.unittests.tests.Users -->
    </test> <!-- Default test -->
  </suite> <!-- Default suite -->
</testng-results>
