<?xml version="1.0" encoding="UTF-8"?>
<!-- Generated by org.testng.reporters.JUnitXMLReporter -->
<testsuite hostname="LAPTOP-94IPNRQR" ignored="0" name="Default test" tests="3" failures="0" timestamp="2021-09-06T19:41:17 IST" time="0.415" errors="0">
  <testcase name="createUser" time="0.016" classname="com.sgtesting.unittests.tests.Users"/>
  <testcase name="deletedUser" time="0.003" classname="com.sgtesting.unittests.tests.Users"/>
  <testcase name="modifyUser" time="0.004" classname="com.sgtesting.unittests.tests.Users"/>
</testsuite> <!-- Default test -->
